[0924/131345.909:ERROR:crash_report_database_win.cc(428)] unexpected header
[0924/140736.921:ERROR:crash_report_database_win.cc(428)] unexpected header
[0927/174550.283:ERROR:crash_report_database_win.cc(428)] unexpected header
[0929/094553.987:ERROR:crash_report_database_win.cc(428)] unexpected header
[0930/123639.147:ERROR:crash_report_database_win.cc(428)] unexpected header
[1016/123949.324:ERROR:directory_reader_win.cc(43)] FindFirstFile: The system cannot find the path specified. (0x3)
[1017/222555.995:ERROR:directory_reader_win.cc(43)] FindFirstFile: The system cannot find the path specified. (0x3)
[1023/161212.961:ERROR:directory_reader_win.cc(43)] FindFirstFile: The system cannot find the path specified. (0x3)
[1024/184917.881:ERROR:directory_reader_win.cc(43)] FindFirstFile: The system cannot find the path specified. (0x3)
[1028/114018.366:ERROR:directory_reader_win.cc(43)] FindFirstFile: The system cannot find the path specified. (0x3)
[1102/120807.209:ERROR:directory_reader_win.cc(43)] FindFirstFile: The system cannot find the path specified. (0x3)
[1102/195043.134:ERROR:settings.cc(320)] Settings magic is not 1129342067
[1102/200043.321:ERROR:directory_reader_win.cc(43)] FindFirstFile: The system cannot find the path specified. (0x3)
[1106/195008.326:ERROR:directory_reader_win.cc(43)] FindFirstFile: The system cannot find the path specified. (0x3)
[1109/211927.557:ERROR:directory_reader_win.cc(43)] FindFirstFile: The system cannot find the path specified. (0x3)
[1118/164821.098:ERROR:directory_reader_win.cc(43)] FindFirstFile: The system cannot find the path specified. (0x3)
[1121/143509.109:ERROR:directory_reader_win.cc(43)] FindFirstFile: The system cannot find the path specified. (0x3)
[1126/115208.423:ERROR:directory_reader_win.cc(43)] FindFirstFile: The system cannot find the path specified. (0x3)
[0101/115703.478:ERROR:directory_reader_win.cc(43)] FindFirstFile: The system cannot find the path specified. (0x3)
[0101/190417.195:ERROR:directory_reader_win.cc(43)] FindFirstFile: The system cannot find the path specified. (0x3)
[0103/113939.634:ERROR:directory_reader_win.cc(43)] FindFirstFile: The system cannot find the path specified. (0x3)
[0103/232603.809:ERROR:process_memory_win.cc(73)] ReadMemory at 0x7ff74b130000 of 64 bytes failed: Only part of a ReadProcessMemory or WriteProcessMemory request was completed. (0x12B)
[0103/232604.184:WARNING:pe_image_reader.cc(340)] could not read dos header from C:\Program Files (x86)\Google\Chrome\Application\chrome.exe
[0103/232604.184:ERROR:process_memory_win.cc(73)] ReadMemory at 0x7ff9bac60000 of 64 bytes failed: Only part of a ReadProcessMemory or WriteProcessMemory request was completed. (0x12B)
[0103/232604.184:WARNING:pe_image_reader.cc(340)] could not read dos header from C:\Windows\SYSTEM32\ntdll.dll
[0103/232604.185:ERROR:process_memory_win.cc(73)] ReadMemory at 0x7ff9ba0e0000 of 64 bytes failed: Only part of a ReadProcessMemory or WriteProcessMemory request was completed. (0x12B)
[0103/232604.185:WARNING:pe_image_reader.cc(340)] could not read dos header from C:\Windows\System32\KERNEL32.DLL
[0103/232604.185:ERROR:process_memory_win.cc(73)] ReadMemory at 0x7ff9b7bb0000 of 64 bytes failed: Only part of a ReadProcessMemory or WriteProcessMemory request was completed. (0x12B)
[0103/232604.185:WARNING:pe_image_reader.cc(340)] could not read dos header from C:\Windows\System32\KERNELBASE.dll
[0103/232604.185:ERROR:process_memory_win.cc(73)] ReadMemory at 0x7ff9888d0000 of 64 bytes failed: Only part of a ReadProcessMemory or WriteProcessMemory request was completed. (0x12B)
[0103/232604.185:WARNING:pe_image_reader.cc(340)] could not read dos header from C:\Program Files (x86)\Google\Chrome\Application\87.0.4280.88\chrome_elf.dll
[0103/232604.185:ERROR:process_memory_win.cc(73)] ReadMemory at 0x7ff9a9490000 of 64 bytes failed: Only part of a ReadProcessMemory or WriteProcessMemory request was completed. (0x12B)
[0103/232604.185:WARNING:pe_image_reader.cc(340)] could not read dos header from C:\Windows\SYSTEM32\VERSION.dll
[0103/232604.185:ERROR:process_memory_win.cc(73)] ReadMemory at 0x7ff9b8650000 of 64 bytes failed: Only part of a ReadProcessMemory or WriteProcessMemory request was completed. (0x12B)
[0103/232604.217:WARNING:pe_image_reader.cc(340)] could not read dos header from C:\Windows\System32\msvcrt.dll
[0103/232604.217:ERROR:process_memory_win.cc(73)] ReadMemory at 0x7ff9b6e40000 of 64 bytes failed: Only part of a ReadProcessMemory or WriteProcessMemory request was completed. (0x12B)
[0103/232604.217:WARNING:pe_image_reader.cc(340)] could not read dos header from C:\Windows\System32\bcryptPrimitives.dll
[0103/232604.217:ERROR:process_memory_win.cc(73)] ReadMemory at 0x7ff9ba4b0000 of 64 bytes failed: Only part of a ReadProcessMemory or WriteProcessMemory request was completed. (0x12B)
[0103/232604.217:WARNING:pe_image_reader.cc(340)] could not read dos header from C:\Windows\System32\ADVAPI32.dll
[0103/232604.217:ERROR:process_memory_win.cc(73)] ReadMemory at 0x7ff9bab10000 of 64 bytes failed: Only part of a ReadProcessMemory or WriteProcessMemory request was completed. (0x12B)
[0103/232604.217:WARNING:pe_image_reader.cc(340)] could not read dos header from C:\Windows\System32\sechost.dll
[0103/232604.217:ERROR:process_memory_win.cc(73)] ReadMemory at 0x7ff9ba870000 of 64 bytes failed: Only part of a ReadProcessMemory or WriteProcessMemory request was completed. (0x12B)
[0103/232604.217:WARNING:pe_image_reader.cc(340)] could not read dos header from C:\Windows\System32\RPCRT4.dll
[0103/232604.217:ERROR:process_memory_win.cc(73)] ReadMemory at 0x7ff96adf0000 of 64 bytes failed: Only part of a ReadProcessMemory or WriteProcessMemory request was completed. (0x12B)
[0103/232604.217:WARNING:pe_image_reader.cc(340)] could not read dos header from C:\Program Files (x86)\Google\Chrome\Application\87.0.4280.88\chrome.dll
[0103/232604.218:ERROR:process_memory_win.cc(73)] ReadMemory at 0x7ff9b86f0000 of 64 bytes failed: Only part of a ReadProcessMemory or WriteProcessMemory request was completed. (0x12B)
[0103/232604.218:WARNING:pe_image_reader.cc(340)] could not read dos header from C:\Windows\System32\WS2_32.dll
[0103/232604.218:ERROR:process_memory_win.cc(73)] ReadMemory at 0x7ff9ba630000 of 64 bytes failed: Only part of a ReadProcessMemory or WriteProcessMemory request was completed. (0x12B)
[0103/232604.218:WARNING:pe_image_reader.cc(340)] could not read dos header from C:\Windows\System32\OLEAUT32.dll
[0103/232604.218:ERROR:process_memory_win.cc(73)] ReadMemory at 0x7ff9b6d80000 of 64 bytes failed: Only part of a ReadProcessMemory or WriteProcessMemory request was completed. (0x12B)
[0103/232604.218:WARNING:pe_image_reader.cc(340)] could not read dos header from C:\Windows\System32\msvcp_win.dll
[0103/232604.218:ERROR:process_memory_win.cc(73)] ReadMemory at 0x7ff9b7840000 of 64 bytes failed: Only part of a ReadProcessMemory or WriteProcessMemory request was completed. (0x12B)
[0103/232604.218:WARNING:pe_image_reader.cc(340)] could not read dos header from C:\Windows\System32\ucrtbase.dll
[0103/232604.218:ERROR:process_memory_win.cc(73)] ReadMemory at 0x7ff9b8040000 of 64 bytes failed: Only part of a ReadProcessMemory or WriteProcessMemory request was completed. (0x12B)
[0103/232604.218:WARNING:pe_image_reader.cc(340)] could not read dos header from C:\Windows\System32\combase.dll
[0103/232604.218:ERROR:process_memory_win.cc(73)] ReadMemory at 0x7ff9b6d20000 of 64 bytes failed: Only part of a ReadProcessMemory or WriteProcessMemory request was completed. (0x12B)
[0103/232604.218:WARNING:pe_image_reader.cc(340)] could not read dos header from C:\Windows\System32\WINTRUST.dll
[0103/232604.218:ERROR:process_memory_win.cc(73)] ReadMemory at 0x7ff9b6c50000 of 64 bytes failed: Only part of a ReadProcessMemory or WriteProcessMemory request was completed. (0x12B)
[0103/232604.218:WARNING:pe_image_reader.cc(340)] could not read dos header from C:\Windows\System32\MSASN1.dll
[0103/232604.218:ERROR:process_memory_win.cc(73)] ReadMemory at 0x7ff9b6f10000 of 64 bytes failed: Only part of a ReadProcessMemory or WriteProcessMemory request was completed. (0x12B)
[0103/232604.219:WARNING:pe_image_reader.cc(340)] could not read dos header from C:\Windows\System32\CRYPT32.dll
[0103/232604.219:ERROR:process_memory_win.cc(73)] ReadMemory at 0x7ff9a4340000 of 64 bytes failed: Only part of a ReadProcessMemory or WriteProcessMemory request was completed. (0x12B)
[0103/232604.219:WARNING:pe_image_reader.cc(340)] could not read dos header from C:\Windows\SYSTEM32\dbghelp.dll
[0103/232604.219:ERROR:process_memory_win.cc(73)] ReadMemory at 0x7ff9b61d0000 of 64 bytes failed: Only part of a ReadProcessMemory or WriteProcessMemory request was completed. (0x12B)
[0103/232604.219:WARNING:pe_image_reader.cc(340)] could not read dos header from C:\Windows\SYSTEM32\IPHLPAPI.DLL
[0103/232604.219:ERROR:process_memory_win.cc(73)] ReadMemory at 0x7ff9b4820000 of 64 bytes failed: Only part of a ReadProcessMemory or WriteProcessMemory request was completed. (0x12B)
[0103/232604.219:WARNING:pe_image_reader.cc(340)] could not read dos header from C:\Windows\SYSTEM32\WINMM.dll
[0103/232604.219:ERROR:process_memory_win.cc(73)] ReadMemory at 0x7ff994f10000 of 64 bytes failed: Only part of a ReadProcessMemory or WriteProcessMemory request was completed. (0x12B)
[0103/232604.219:WARNING:pe_image_reader.cc(340)] could not read dos header from C:\Windows\SYSTEM32\UIAutomationCore.DLL
[0103/232604.219:ERROR:process_memory_win.cc(73)] ReadMemory at 0x7ff9a8380000 of 64 bytes failed: Only part of a ReadProcessMemory or WriteProcessMemory request was completed. (0x12B)
[0103/232604.219:WARNING:pe_image_reader.cc(340)] could not read dos header from C:\Windows\SYSTEM32\Secur32.dll
[0103/232604.219:ERROR:process_memory_win.cc(73)] ReadMemory at 0x7ff9b6b80000 of 64 bytes failed: Only part of a ReadProcessMemory or WriteProcessMemory request was completed. (0x12B)
[0103/232604.219:WARNING:pe_image_reader.cc(340)] could not read dos header from C:\Windows\SYSTEM32\USERENV.dll
[0103/232604.219:ERROR:process_memory_win.cc(73)] ReadMemory at 0x7ff9b6c70000 of 64 bytes failed: Only part of a ReadProcessMemory or WriteProcessMemory request was completed. (0x12B)
[0103/232604.219:WARNING:pe_image_reader.cc(340)] could not read dos header from C:\Windows\System32\profapi.dll
[0103/232604.219:ERROR:process_memory_win.cc(73)] ReadMemory at 0x7ff9aa9f0000 of 64 bytes failed: Only part of a ReadProcessMemory or WriteProcessMemory request was completed. (0x12B)
[0103/232604.219:WARNING:pe_image_reader.cc(340)] could not read dos header from C:\Windows\SYSTEM32\DWrite.dll
[0103/232604.219:ERROR:process_memory_win.cc(73)] ReadMemory at 0x7ff9a9780000 of 64 bytes failed: Only part of a ReadProcessMemory or WriteProcessMemory request was completed. (0x12B)
[0103/232604.219:WARNING:pe_image_reader.cc(340)] could not read dos header from C:\Windows\SYSTEM32\WINSPOOL.DRV
[0103/232604.219:ERROR:process_memory_win.cc(73)] ReadMemory at 0x7ff9b6ca0000 of 64 bytes failed: Only part of a ReadProcessMemory or WriteProcessMemory request was completed. (0x12B)
[0103/232604.219:WARNING:pe_image_reader.cc(340)] could not read dos header from C:\Windows\System32\kernel.appcore.dll
[0103/232604.220:ERROR:process_memory_win.cc(73)] ReadMemory at 0x7ff9b7e50000 of 64 bytes failed: Only part of a ReadProcessMemory or WriteProcessMemory request was completed. (0x12B)
[0103/232604.220:WARNING:pe_image_reader.cc(340)] could not read dos header from C:\Windows\System32\bcrypt.dll
[0103/232604.220:ERROR:process_memory_win.cc(73)] ReadMemory at 0x7ff9ae3b0000 of 64 bytes failed: Only part of a ReadProcessMemory or WriteProcessMemory request was completed. (0x12B)
[0103/232604.220:WARNING:pe_image_reader.cc(340)] could not read dos header from C:\Windows\SYSTEM32\WINHTTP.dll
[0103/232604.220:ERROR:process_memory_win.cc(73)] ReadMemory at 0x7ff9aecf0000 of 64 bytes failed: Only part of a ReadProcessMemory or WriteProcessMemory request was completed. (0x12B)
[0103/232604.220:WARNING:pe_image_reader.cc(340)] could not read dos header from C:\Windows\SYSTEM32\dhcpcsvc.DLL
[0103/232604.220:ERROR:process_memory_win.cc(73)] ReadMemory at 0x7ff9ba7b0000 of 64 bytes failed: Only part of a ReadProcessMemory or WriteProcessMemory request was completed. (0x12B)
[0103/232604.220:WARNING:pe_image_reader.cc(340)] could not read dos header from C:\Windows\System32\NSI.dll
[0103/232604.220:ERROR:process_memory_win.cc(73)] ReadMemory at 0x7ff9b47f0000 of 64 bytes failed: Only part of a ReadProcessMemory or WriteProcessMemory request was completed. (0x12B)
[0103/232604.220:WARNING:pe_image_reader.cc(340)] could not read dos header from C:\Windows\SYSTEM32\WINMMBASE.dll
[0103/232604.220:ERROR:process_memory_win.cc(73)] ReadMemory at 0x7ff9b6ec0000 of 64 bytes failed: Only part of a ReadProcessMemory or WriteProcessMemory request was completed. (0x12B)
[0103/232604.220:WARNING:pe_image_reader.cc(340)] could not read dos header from C:\Windows\System32\cfgmgr32.dll
[0103/232604.220:ERROR:process_memory_win.cc(73)] ReadMemory at 0x7ff9ac690000 of 64 bytes failed: Only part of a ReadProcessMemory or WriteProcessMemory request was completed. (0x12B)
[0103/232604.220:WARNING:pe_image_reader.cc(340)] could not read dos header from C:\Windows\SYSTEM32\Bcp47Langs.dll
[0103/232604.220:ERROR:process_memory_win.cc(73)] ReadMemory at 0x7ff9b3600000 of 64 bytes failed: Only part of a ReadProcessMemory or WriteProcessMemory request was completed. (0x12B)
[0103/232604.220:WARNING:pe_image_reader.cc(340)] could not read dos header from C:\Windows\SYSTEM32\PROPSYS.dll
[0103/232604.221:ERROR:process_memory_win.cc(73)] ReadMemory at 0x7ff9b7f10000 of 64 bytes failed: Only part of a ReadProcessMemory or WriteProcessMemory request was completed. (0x12B)
[0103/232604.221:WARNING:pe_image_reader.cc(340)] could not read dos header from C:\Windows\System32\shcore.dll
[0103/232604.221:ERROR:process_memory_win.cc(73)] ReadMemory at 0x7ff9b6b40000 of 64 bytes failed: Only part of a ReadProcessMemory or WriteProcessMemory request was completed. (0x12B)
[0103/232604.221:WARNING:pe_image_reader.cc(340)] could not read dos header from C:\Windows\SYSTEM32\SSPICLI.DLL
[0103/232604.221:ERROR:process_memory_win.cc(73)] ReadMemory at 0x7ff9b6680000 of 64 bytes failed: Only part of a ReadProcessMemory or WriteProcessMemory request was completed. (0x12B)
[0103/232604.221:WARNING:pe_image_reader.cc(340)] could not read dos header from C:\Windows\SYSTEM32\CRYPTBASE.DLL
[0103/232604.598:ERROR:process_memory_win.cc(73)] ReadMemory at 0x7ff74b130000 of 64 bytes failed: Only part of a ReadProcessMemory or WriteProcessMemory request was completed. (0x12B)
[0103/232604.598:WARNING:pe_image_reader.cc(340)] could not read dos header from C:\Program Files (x86)\Google\Chrome\Application\chrome.exe
[0103/232604.599:ERROR:process_memory_win.cc(73)] ReadMemory at 0x7ff9bac60000 of 64 bytes failed: Only part of a ReadProcessMemory or WriteProcessMemory request was completed. (0x12B)
[0103/232604.599:WARNING:pe_image_reader.cc(340)] could not read dos header from C:\Windows\SYSTEM32\ntdll.dll
[0103/232604.599:ERROR:process_memory_win.cc(73)] ReadMemory at 0x7ff9ba0e0000 of 64 bytes failed: Only part of a ReadProcessMemory or WriteProcessMemory request was completed. (0x12B)
[0103/232604.599:WARNING:pe_image_reader.cc(340)] could not read dos header from C:\Windows\System32\KERNEL32.DLL
[0103/232604.599:ERROR:process_memory_win.cc(73)] ReadMemory at 0x7ff9b7bb0000 of 64 bytes failed: Only part of a ReadProcessMemory or WriteProcessMemory request was completed. (0x12B)
[0103/232604.599:WARNING:pe_image_reader.cc(340)] could not read dos header from C:\Windows\System32\KERNELBASE.dll
[0103/232604.599:ERROR:process_memory_win.cc(73)] ReadMemory at 0x7ff9888d0000 of 64 bytes failed: Only part of a ReadProcessMemory or WriteProcessMemory request was completed. (0x12B)
[0103/232604.599:WARNING:pe_image_reader.cc(340)] could not read dos header from C:\Program Files (x86)\Google\Chrome\Application\87.0.4280.88\chrome_elf.dll
[0103/232604.599:ERROR:process_memory_win.cc(73)] ReadMemory at 0x7ff9a9490000 of 64 bytes failed: Only part of a ReadProcessMemory or WriteProcessMemory request was completed. (0x12B)
[0103/232604.599:WARNING:pe_image_reader.cc(340)] could not read dos header from C:\Windows\SYSTEM32\VERSION.dll
[0103/232604.599:ERROR:process_memory_win.cc(73)] ReadMemory at 0x7ff9b8650000 of 64 bytes failed: Only part of a ReadProcessMemory or WriteProcessMemory request was completed. (0x12B)
[0103/232604.599:WARNING:pe_image_reader.cc(340)] could not read dos header from C:\Windows\System32\msvcrt.dll
[0103/232604.599:ERROR:process_memory_win.cc(73)] ReadMemory at 0x7ff9b6e40000 of 64 bytes failed: Only part of a ReadProcessMemory or WriteProcessMemory request was completed. (0x12B)
[0103/232604.599:WARNING:pe_image_reader.cc(340)] could not read dos header from C:\Windows\System32\bcryptPrimitives.dll
[0103/232604.599:ERROR:process_memory_win.cc(73)] ReadMemory at 0x7ff9ba4b0000 of 64 bytes failed: Only part of a ReadProcessMemory or WriteProcessMemory request was completed. (0x12B)
[0103/232604.599:WARNING:pe_image_reader.cc(340)] could not read dos header from C:\Windows\System32\ADVAPI32.dll
[0103/232604.599:ERROR:process_memory_win.cc(73)] ReadMemory at 0x7ff9bab10000 of 64 bytes failed: Only part of a ReadProcessMemory or WriteProcessMemory request was completed. (0x12B)
[0103/232604.599:WARNING:pe_image_reader.cc(340)] could not read dos header from C:\Windows\System32\sechost.dll
[0103/232604.599:ERROR:process_memory_win.cc(73)] ReadMemory at 0x7ff9ba870000 of 64 bytes failed: Only part of a ReadProcessMemory or WriteProcessMemory request was completed. (0x12B)
[0103/232604.599:WARNING:pe_image_reader.cc(340)] could not read dos header from C:\Windows\System32\RPCRT4.dll
[0103/232604.599:ERROR:process_memory_win.cc(73)] ReadMemory at 0x7ff96adf0000 of 64 bytes failed: Only part of a ReadProcessMemory or WriteProcessMemory request was completed. (0x12B)
[0103/232604.599:WARNING:pe_image_reader.cc(340)] could not read dos header from C:\Program Files (x86)\Google\Chrome\Application\87.0.4280.88\chrome.dll
[0103/232604.599:ERROR:process_memory_win.cc(73)] ReadMemory at 0x7ff9b86f0000 of 64 bytes failed: Only part of a ReadProcessMemory or WriteProcessMemory request was completed. (0x12B)
[0103/232604.600:WARNING:pe_image_reader.cc(340)] could not read dos header from C:\Windows\System32\WS2_32.dll
[0103/232604.600:ERROR:process_memory_win.cc(73)] ReadMemory at 0x7ff9ba630000 of 64 bytes failed: Only part of a ReadProcessMemory or WriteProcessMemory request was completed. (0x12B)
[0103/232604.600:WARNING:pe_image_reader.cc(340)] could not read dos header from C:\Windows\System32\OLEAUT32.dll
[0103/232604.600:ERROR:process_memory_win.cc(73)] ReadMemory at 0x7ff9b6d80000 of 64 bytes failed: Only part of a ReadProcessMemory or WriteProcessMemory request was completed. (0x12B)
[0103/232604.600:WARNING:pe_image_reader.cc(340)] could not read dos header from C:\Windows\System32\msvcp_win.dll
[0103/232604.600:ERROR:process_memory_win.cc(73)] ReadMemory at 0x7ff9b7840000 of 64 bytes failed: Only part of a ReadProcessMemory or WriteProcessMemory request was completed. (0x12B)
[0103/232604.600:WARNING:pe_image_reader.cc(340)] could not read dos header from C:\Windows\System32\ucrtbase.dll
[0103/232604.600:ERROR:process_memory_win.cc(73)] ReadMemory at 0x7ff9b8040000 of 64 bytes failed: Only part of a ReadProcessMemory or WriteProcessMemory request was completed. (0x12B)
[0103/232604.600:WARNING:pe_image_reader.cc(340)] could not read dos header from C:\Windows\System32\combase.dll
[0103/232604.600:ERROR:process_memory_win.cc(73)] ReadMemory at 0x7ff9b6d20000 of 64 bytes failed: Only part of a ReadProcessMemory or WriteProcessMemory request was completed. (0x12B)
[0103/232604.600:WARNING:pe_image_reader.cc(340)] could not read dos header from C:\Windows\System32\WINTRUST.dll
[0103/232604.600:ERROR:process_memory_win.cc(73)] ReadMemory at 0x7ff9b6c50000 of 64 bytes failed: Only part of a ReadProcessMemory or WriteProcessMemory request was completed. (0x12B)
[0103/232604.600:WARNING:pe_image_reader.cc(340)] could not read dos header from C:\Windows\System32\MSASN1.dll
[0103/232604.600:ERROR:process_memory_win.cc(73)] ReadMemory at 0x7ff9b6f10000 of 64 bytes failed: Only part of a ReadProcessMemory or WriteProcessMemory request was completed. (0x12B)
[0103/232604.600:WARNING:pe_image_reader.cc(340)] could not read dos header from C:\Windows\System32\CRYPT32.dll
[0103/232604.600:ERROR:process_memory_win.cc(73)] ReadMemory at 0x7ff9a4340000 of 64 bytes failed: Only part of a ReadProcessMemory or WriteProcessMemory request was completed. (0x12B)
[0103/232604.600:WARNING:pe_image_reader.cc(340)] could not read dos header from C:\Windows\SYSTEM32\dbghelp.dll
[0103/232604.600:ERROR:process_memory_win.cc(73)] ReadMemory at 0x7ff9b61d0000 of 64 bytes failed: Only part of a ReadProcessMemory or WriteProcessMemory request was completed. (0x12B)
[0103/232604.600:WARNING:pe_image_reader.cc(340)] could not read dos header from C:\Windows\SYSTEM32\IPHLPAPI.DLL
[0103/232604.600:ERROR:process_memory_win.cc(73)] ReadMemory at 0x7ff9b4820000 of 64 bytes failed: Only part of a ReadProcessMemory or WriteProcessMemory request was completed. (0x12B)
[0103/232604.600:WARNING:pe_image_reader.cc(340)] could not read dos header from C:\Windows\SYSTEM32\WINMM.dll
[0103/232604.600:ERROR:process_memory_win.cc(73)] ReadMemory at 0x7ff994f10000 of 64 bytes failed: Only part of a ReadProcessMemory or WriteProcessMemory request was completed. (0x12B)
[0103/232604.600:WARNING:pe_image_reader.cc(340)] could not read dos header from C:\Windows\SYSTEM32\UIAutomationCore.DLL
[0103/232604.600:ERROR:process_memory_win.cc(73)] ReadMemory at 0x7ff9a8380000 of 64 bytes failed: Only part of a ReadProcessMemory or WriteProcessMemory request was completed. (0x12B)
[0103/232604.600:WARNING:pe_image_reader.cc(340)] could not read dos header from C:\Windows\SYSTEM32\Secur32.dll
[0103/232604.601:ERROR:process_memory_win.cc(73)] ReadMemory at 0x7ff9b6b80000 of 64 bytes failed: Only part of a ReadProcessMemory or WriteProcessMemory request was completed. (0x12B)
[0103/232604.601:WARNING:pe_image_reader.cc(340)] could not read dos header from C:\Windows\SYSTEM32\USERENV.dll
[0103/232604.601:ERROR:process_memory_win.cc(73)] ReadMemory at 0x7ff9b6c70000 of 64 bytes failed: Only part of a ReadProcessMemory or WriteProcessMemory request was completed. (0x12B)
[0103/232604.601:WARNING:pe_image_reader.cc(340)] could not read dos header from C:\Windows\System32\profapi.dll
[0103/232604.601:ERROR:process_memory_win.cc(73)] ReadMemory at 0x7ff9aa9f0000 of 64 bytes failed: Only part of a ReadProcessMemory or WriteProcessMemory request was completed. (0x12B)
[0103/232604.601:WARNING:pe_image_reader.cc(340)] could not read dos header from C:\Windows\SYSTEM32\DWrite.dll
[0103/232604.601:ERROR:process_memory_win.cc(73)] ReadMemory at 0x7ff9a9780000 of 64 bytes failed: Only part of a ReadProcessMemory or WriteProcessMemory request was completed. (0x12B)
[0103/232604.601:WARNING:pe_image_reader.cc(340)] could not read dos header from C:\Windows\SYSTEM32\WINSPOOL.DRV
[0103/232604.601:ERROR:process_memory_win.cc(73)] ReadMemory at 0x7ff9b6ca0000 of 64 bytes failed: Only part of a ReadProcessMemory or WriteProcessMemory request was completed. (0x12B)
[0103/232604.601:WARNING:pe_image_reader.cc(340)] could not read dos header from C:\Windows\System32\kernel.appcore.dll
[0103/232604.601:ERROR:process_memory_win.cc(73)] ReadMemory at 0x7ff9b7e50000 of 64 bytes failed: Only part of a ReadProcessMemory or WriteProcessMemory request was completed. (0x12B)
[0103/232604.601:WARNING:pe_image_reader.cc(340)] could not read dos header from C:\Windows\System32\bcrypt.dll
[0103/232604.601:ERROR:process_memory_win.cc(73)] ReadMemory at 0x7ff9ae3b0000 of 64 bytes failed: Only part of a ReadProcessMemory or WriteProcessMemory request was completed. (0x12B)
[0103/232604.601:WARNING:pe_image_reader.cc(340)] could not read dos header from C:\Windows\SYSTEM32\WINHTTP.dll
[0103/232604.601:ERROR:process_memory_win.cc(73)] ReadMemory at 0x7ff9aecf0000 of 64 bytes failed: Only part of a ReadProcessMemory or WriteProcessMemory request was completed. (0x12B)
[0103/232604.601:WARNING:pe_image_reader.cc(340)] could not read dos header from C:\Windows\SYSTEM32\dhcpcsvc.DLL
[0103/232604.601:ERROR:process_memory_win.cc(73)] ReadMemory at 0x7ff9ba7b0000 of 64 bytes failed: Only part of a ReadProcessMemory or WriteProcessMemory request was completed. (0x12B)
[0103/232604.601:WARNING:pe_image_reader.cc(340)] could not read dos header from C:\Windows\System32\NSI.dll
[0103/232604.601:ERROR:process_memory_win.cc(73)] ReadMemory at 0x7ff9b47f0000 of 64 bytes failed: Only part of a ReadProcessMemory or WriteProcessMemory request was completed. (0x12B)
[0103/232604.601:WARNING:pe_image_reader.cc(340)] could not read dos header from C:\Windows\SYSTEM32\WINMMBASE.dll
[0103/232604.601:ERROR:process_memory_win.cc(73)] ReadMemory at 0x7ff9b6ec0000 of 64 bytes failed: Only part of a ReadProcessMemory or WriteProcessMemory request was completed. (0x12B)
[0103/232604.601:WARNING:pe_image_reader.cc(340)] could not read dos header from C:\Windows\System32\cfgmgr32.dll
[0103/232604.601:ERROR:process_memory_win.cc(73)] ReadMemory at 0x7ff9ac690000 of 64 bytes failed: Only part of a ReadProcessMemory or WriteProcessMemory request was completed. (0x12B)
[0103/232604.601:WARNING:pe_image_reader.cc(340)] could not read dos header from C:\Windows\SYSTEM32\Bcp47Langs.dll
[0103/232604.601:ERROR:process_memory_win.cc(73)] ReadMemory at 0x7ff9b3600000 of 64 bytes failed: Only part of a ReadProcessMemory or WriteProcessMemory request was completed. (0x12B)
[0103/232604.601:WARNING:pe_image_reader.cc(340)] could not read dos header from C:\Windows\SYSTEM32\PROPSYS.dll
[0103/232604.601:ERROR:process_memory_win.cc(73)] ReadMemory at 0x7ff9b7f10000 of 64 bytes failed: Only part of a ReadProcessMemory or WriteProcessMemory request was completed. (0x12B)
[0103/232604.602:WARNING:pe_image_reader.cc(340)] could not read dos header from C:\Windows\System32\shcore.dll
[0103/232604.602:ERROR:process_memory_win.cc(73)] ReadMemory at 0x7ff9b6b40000 of 64 bytes failed: Only part of a ReadProcessMemory or WriteProcessMemory request was completed. (0x12B)
[0103/232604.602:WARNING:pe_image_reader.cc(340)] could not read dos header from C:\Windows\SYSTEM32\SSPICLI.DLL
[0103/232604.602:ERROR:process_memory_win.cc(73)] ReadMemory at 0x7ff9b6680000 of 64 bytes failed: Only part of a ReadProcessMemory or WriteProcessMemory request was completed. (0x12B)
[0103/232604.602:WARNING:pe_image_reader.cc(340)] could not read dos header from C:\Windows\SYSTEM32\CRYPTBASE.DLL
[0103/232604.602:ERROR:process_memory_win.cc(73)] ReadMemory at 0x7ff74b130000 of 64 bytes failed: Only part of a ReadProcessMemory or WriteProcessMemory request was completed. (0x12B)
[0103/232604.602:WARNING:pe_image_reader.cc(340)] could not read dos header from C:\Program Files (x86)\Google\Chrome\Application\chrome.exe
[0103/232604.602:ERROR:process_memory_win.cc(73)] ReadMemory at 0x7ff9bac60000 of 64 bytes failed: Only part of a ReadProcessMemory or WriteProcessMemory request was completed. (0x12B)
[0103/232604.602:WARNING:pe_image_reader.cc(340)] could not read dos header from C:\Windows\SYSTEM32\ntdll.dll
[0103/232604.602:ERROR:process_memory_win.cc(73)] ReadMemory at 0x7ff9ba0e0000 of 64 bytes failed: Only part of a ReadProcessMemory or WriteProcessMemory request was completed. (0x12B)
[0103/232604.602:WARNING:pe_image_reader.cc(340)] could not read dos header from C:\Windows\System32\KERNEL32.DLL
[0103/232604.602:ERROR:process_memory_win.cc(73)] ReadMemory at 0x7ff9b7bb0000 of 64 bytes failed: Only part of a ReadProcessMemory or WriteProcessMemory request was completed. (0x12B)
[0103/232604.602:WARNING:pe_image_reader.cc(340)] could not read dos header from C:\Windows\System32\KERNELBASE.dll
[0103/232604.602:ERROR:process_memory_win.cc(73)] ReadMemory at 0x7ff9888d0000 of 64 bytes failed: Only part of a ReadProcessMemory or WriteProcessMemory request was completed. (0x12B)
[0103/232604.602:WARNING:pe_image_reader.cc(340)] could not read dos header from C:\Program Files (x86)\Google\Chrome\Application\87.0.4280.88\chrome_elf.dll
[0103/232604.602:ERROR:process_memory_win.cc(73)] ReadMemory at 0x7ff9a9490000 of 64 bytes failed: Only part of a ReadProcessMemory or WriteProcessMemory request was completed. (0x12B)
[0103/232604.602:WARNING:pe_image_reader.cc(340)] could not read dos header from C:\Windows\SYSTEM32\VERSION.dll
[0103/232604.602:ERROR:process_memory_win.cc(73)] ReadMemory at 0x7ff9b8650000 of 64 bytes failed: Only part of a ReadProcessMemory or WriteProcessMemory request was completed. (0x12B)
[0103/232604.602:WARNING:pe_image_reader.cc(340)] could not read dos header from C:\Windows\System32\msvcrt.dll
[0103/232604.602:ERROR:process_memory_win.cc(73)] ReadMemory at 0x7ff9b6e40000 of 64 bytes failed: Only part of a ReadProcessMemory or WriteProcessMemory request was completed. (0x12B)
[0103/232604.602:WARNING:pe_image_reader.cc(340)] could not read dos header from C:\Windows\System32\bcryptPrimitives.dll
[0103/232604.602:ERROR:process_memory_win.cc(73)] ReadMemory at 0x7ff9ba4b0000 of 64 bytes failed: Only part of a ReadProcessMemory or WriteProcessMemory request was completed. (0x12B)
[0103/232604.602:WARNING:pe_image_reader.cc(340)] could not read dos header from C:\Windows\System32\ADVAPI32.dll
[0103/232604.602:ERROR:process_memory_win.cc(73)] ReadMemory at 0x7ff9bab10000 of 64 bytes failed: Only part of a ReadProcessMemory or WriteProcessMemory request was completed. (0x12B)
[0103/232604.602:WARNING:pe_image_reader.cc(340)] could not read dos header from C:\Windows\System32\sechost.dll
[0103/232604.602:ERROR:process_memory_win.cc(73)] ReadMemory at 0x7ff9ba870000 of 64 bytes failed: Only part of a ReadProcessMemory or WriteProcessMemory request was completed. (0x12B)
[0103/232604.603:WARNING:pe_image_reader.cc(340)] could not read dos header from C:\Windows\System32\RPCRT4.dll
[0103/232604.603:ERROR:process_memory_win.cc(73)] ReadMemory at 0x7ff96adf0000 of 64 bytes failed: Only part of a ReadProcessMemory or WriteProcessMemory request was completed. (0x12B)
[0103/232604.603:WARNING:pe_image_reader.cc(340)] could not read dos header from C:\Program Files (x86)\Google\Chrome\Application\87.0.4280.88\chrome.dll
[0103/232604.603:ERROR:process_memory_win.cc(73)] ReadMemory at 0x7ff9b86f0000 of 64 bytes failed: Only part of a ReadProcessMemory or WriteProcessMemory request was completed. (0x12B)
[0103/232604.603:WARNING:pe_image_reader.cc(340)] could not read dos header from C:\Windows\System32\WS2_32.dll
[0103/232604.603:ERROR:process_memory_win.cc(73)] ReadMemory at 0x7ff9ba630000 of 64 bytes failed: Only part of a ReadProcessMemory or WriteProcessMemory request was completed. (0x12B)
[0103/232604.603:WARNING:pe_image_reader.cc(340)] could not read dos header from C:\Windows\System32\OLEAUT32.dll
[0103/232604.603:ERROR:process_memory_win.cc(73)] ReadMemory at 0x7ff9b6d80000 of 64 bytes failed: Only part of a ReadProcessMemory or WriteProcessMemory request was completed. (0x12B)
[0103/232604.603:WARNING:pe_image_reader.cc(340)] could not read dos header from C:\Windows\System32\msvcp_win.dll
[0103/232604.603:ERROR:process_memory_win.cc(73)] ReadMemory at 0x7ff9b7840000 of 64 bytes failed: Only part of a ReadProcessMemory or WriteProcessMemory request was completed. (0x12B)
[0103/232604.603:WARNING:pe_image_reader.cc(340)] could not read dos header from C:\Windows\System32\ucrtbase.dll
[0103/232604.603:ERROR:process_memory_win.cc(73)] ReadMemory at 0x7ff9b8040000 of 64 bytes failed: Only part of a ReadProcessMemory or WriteProcessMemory request was completed. (0x12B)
[0103/232604.603:WARNING:pe_image_reader.cc(340)] could not read dos header from C:\Windows\System32\combase.dll
[0103/232604.603:ERROR:process_memory_win.cc(73)] ReadMemory at 0x7ff9b6d20000 of 64 bytes failed: Only part of a ReadProcessMemory or WriteProcessMemory request was completed. (0x12B)
[0103/232604.603:WARNING:pe_image_reader.cc(340)] could not read dos header from C:\Windows\System32\WINTRUST.dll
[0103/232604.603:ERROR:process_memory_win.cc(73)] ReadMemory at 0x7ff9b6c50000 of 64 bytes failed: Only part of a ReadProcessMemory or WriteProcessMemory request was completed. (0x12B)
[0103/232604.603:WARNING:pe_image_reader.cc(340)] could not read dos header from C:\Windows\System32\MSASN1.dll
[0103/232604.603:ERROR:process_memory_win.cc(73)] ReadMemory at 0x7ff9b6f10000 of 64 bytes failed: Only part of a ReadProcessMemory or WriteProcessMemory request was completed. (0x12B)
[0103/232604.603:WARNING:pe_image_reader.cc(340)] could not read dos header from C:\Windows\System32\CRYPT32.dll
[0103/232604.603:ERROR:process_memory_win.cc(73)] ReadMemory at 0x7ff9a4340000 of 64 bytes failed: Only part of a ReadProcessMemory or WriteProcessMemory request was completed. (0x12B)
[0103/232604.603:WARNING:pe_image_reader.cc(340)] could not read dos header from C:\Windows\SYSTEM32\dbghelp.dll
[0103/232604.603:ERROR:process_memory_win.cc(73)] ReadMemory at 0x7ff9b61d0000 of 64 bytes failed: Only part of a ReadProcessMemory or WriteProcessMemory request was completed. (0x12B)
[0103/232604.603:WARNING:pe_image_reader.cc(340)] could not read dos header from C:\Windows\SYSTEM32\IPHLPAPI.DLL
[0103/232604.603:ERROR:process_memory_win.cc(73)] ReadMemory at 0x7ff9b4820000 of 64 bytes failed: Only part of a ReadProcessMemory or WriteProcessMemory request was completed. (0x12B)
[0103/232604.604:WARNING:pe_image_reader.cc(340)] could not read dos header from C:\Windows\SYSTEM32\WINMM.dll
[0103/232604.604:ERROR:process_memory_win.cc(73)] ReadMemory at 0x7ff994f10000 of 64 bytes failed: Only part of a ReadProcessMemory or WriteProcessMemory request was completed. (0x12B)
[0103/232604.604:WARNING:pe_image_reader.cc(340)] could not read dos header from C:\Windows\SYSTEM32\UIAutomationCore.DLL
[0103/232604.604:ERROR:process_memory_win.cc(73)] ReadMemory at 0x7ff9a8380000 of 64 bytes failed: Only part of a ReadProcessMemory or WriteProcessMemory request was completed. (0x12B)
[0103/232604.604:WARNING:pe_image_reader.cc(340)] could not read dos header from C:\Windows\SYSTEM32\Secur32.dll
[0103/232604.604:ERROR:process_memory_win.cc(73)] ReadMemory at 0x7ff9b6b80000 of 64 bytes failed: Only part of a ReadProcessMemory or WriteProcessMemory request was completed. (0x12B)
[0103/232604.604:WARNING:pe_image_reader.cc(340)] could not read dos header from C:\Windows\SYSTEM32\USERENV.dll
[0103/232604.604:ERROR:process_memory_win.cc(73)] ReadMemory at 0x7ff9b6c70000 of 64 bytes failed: Only part of a ReadProcessMemory or WriteProcessMemory request was completed. (0x12B)
[0103/232604.604:WARNING:pe_image_reader.cc(340)] could not read dos header from C:\Windows\System32\profapi.dll
[0103/232604.604:ERROR:process_memory_win.cc(73)] ReadMemory at 0x7ff9aa9f0000 of 64 bytes failed: Only part of a ReadProcessMemory or WriteProcessMemory request was completed. (0x12B)
[0103/232604.604:WARNING:pe_image_reader.cc(340)] could not read dos header from C:\Windows\SYSTEM32\DWrite.dll
[0103/232604.604:ERROR:process_memory_win.cc(73)] ReadMemory at 0x7ff9a9780000 of 64 bytes failed: Only part of a ReadProcessMemory or WriteProcessMemory request was completed. (0x12B)
[0103/232604.604:WARNING:pe_image_reader.cc(340)] could not read dos header from C:\Windows\SYSTEM32\WINSPOOL.DRV
[0103/232604.604:ERROR:process_memory_win.cc(73)] ReadMemory at 0x7ff9b6ca0000 of 64 bytes failed: Only part of a ReadProcessMemory or WriteProcessMemory request was completed. (0x12B)
[0103/232604.604:WARNING:pe_image_reader.cc(340)] could not read dos header from C:\Windows\System32\kernel.appcore.dll
[0103/232604.604:ERROR:process_memory_win.cc(73)] ReadMemory at 0x7ff9b7e50000 of 64 bytes failed: Only part of a ReadProcessMemory or WriteProcessMemory request was completed. (0x12B)
[0103/232604.604:WARNING:pe_image_reader.cc(340)] could not read dos header from C:\Windows\System32\bcrypt.dll
[0103/232604.604:ERROR:process_memory_win.cc(73)] ReadMemory at 0x7ff9ae3b0000 of 64 bytes failed: Only part of a ReadProcessMemory or WriteProcessMemory request was completed. (0x12B)
[0103/232604.604:WARNING:pe_image_reader.cc(340)] could not read dos header from C:\Windows\SYSTEM32\WINHTTP.dll
[0103/232604.604:ERROR:process_memory_win.cc(73)] ReadMemory at 0x7ff9aecf0000 of 64 bytes failed: Only part of a ReadProcessMemory or WriteProcessMemory request was completed. (0x12B)
[0103/232604.604:WARNING:pe_image_reader.cc(340)] could not read dos header from C:\Windows\SYSTEM32\dhcpcsvc.DLL
[0103/232604.692:ERROR:process_memory_win.cc(73)] ReadMemory at 0x7ff9ba7b0000 of 64 bytes failed: Only part of a ReadProcessMemory or WriteProcessMemory request was completed. (0x12B)
[0103/232604.692:WARNING:pe_image_reader.cc(340)] could not read dos header from C:\Windows\System32\NSI.dll
[0103/232604.692:ERROR:process_memory_win.cc(73)] ReadMemory at 0x7ff9b47f0000 of 64 bytes failed: Only part of a ReadProcessMemory or WriteProcessMemory request was completed. (0x12B)
[0103/232604.692:WARNING:pe_image_reader.cc(340)] could not read dos header from C:\Windows\SYSTEM32\WINMMBASE.dll
[0103/232604.692:ERROR:process_memory_win.cc(73)] ReadMemory at 0x7ff9b6ec0000 of 64 bytes failed: Only part of a ReadProcessMemory or WriteProcessMemory request was completed. (0x12B)
[0103/232604.692:WARNING:pe_image_reader.cc(340)] could not read dos header from C:\Windows\System32\cfgmgr32.dll
[0103/232604.692:ERROR:process_memory_win.cc(73)] ReadMemory at 0x7ff9ac690000 of 64 bytes failed: Only part of a ReadProcessMemory or WriteProcessMemory request was completed. (0x12B)
[0103/232604.692:WARNING:pe_image_reader.cc(340)] could not read dos header from C:\Windows\SYSTEM32\Bcp47Langs.dll
[0103/232604.692:ERROR:process_memory_win.cc(73)] ReadMemory at 0x7ff9b3600000 of 64 bytes failed: Only part of a ReadProcessMemory or WriteProcessMemory request was completed. (0x12B)
[0103/232604.692:WARNING:pe_image_reader.cc(340)] could not read dos header from C:\Windows\SYSTEM32\PROPSYS.dll
[0103/232604.692:ERROR:process_memory_win.cc(73)] ReadMemory at 0x7ff9b7f10000 of 64 bytes failed: Only part of a ReadProcessMemory or WriteProcessMemory request was completed. (0x12B)
[0103/232604.692:WARNING:pe_image_reader.cc(340)] could not read dos header from C:\Windows\System32\shcore.dll
[0103/232604.692:ERROR:process_memory_win.cc(73)] ReadMemory at 0x7ff9b6b40000 of 64 bytes failed: Only part of a ReadProcessMemory or WriteProcessMemory request was completed. (0x12B)
[0103/232604.692:WARNING:pe_image_reader.cc(340)] could not read dos header from C:\Windows\SYSTEM32\SSPICLI.DLL
[0103/232604.692:ERROR:process_memory_win.cc(73)] ReadMemory at 0x7ff9b6680000 of 64 bytes failed: Only part of a ReadProcessMemory or WriteProcessMemory request was completed. (0x12B)
[0103/232604.692:WARNING:pe_image_reader.cc(340)] could not read dos header from C:\Windows\SYSTEM32\CRYPTBASE.DLL
[0103/232604.830:ERROR:process_memory_win.cc(73)] ReadMemory at 0xaff21d5000 of 176128 bytes failed: Only part of a ReadProcessMemory or WriteProcessMemory request was completed. (0x12B)
[0103/232604.844:ERROR:process_memory_win.cc(73)] ReadMemory at 0xaff29fd000 of 12288 bytes failed: Only part of a ReadProcessMemory or WriteProcessMemory request was completed. (0x12B)
[0103/232604.844:ERROR:process_memory_win.cc(73)] ReadMemory at 0xaff39fe000 of 8192 bytes failed: Only part of a ReadProcessMemory or WriteProcessMemory request was completed. (0x12B)
[0103/232604.844:ERROR:process_memory_win.cc(73)] ReadMemory at 0xaff41fc000 of 16384 bytes failed: Only part of a ReadProcessMemory or WriteProcessMemory request was completed. (0x12B)
[0103/232604.844:ERROR:process_memory_win.cc(73)] ReadMemory at 0xaff51fe000 of 8192 bytes failed: Only part of a ReadProcessMemory or WriteProcessMemory request was completed. (0x12B)
[0103/232604.844:ERROR:process_memory_win.cc(73)] ReadMemory at 0xaff59fe000 of 8192 bytes failed: Only part of a ReadProcessMemory or WriteProcessMemory request was completed. (0x12B)
[0103/232604.844:ERROR:process_memory_win.cc(73)] ReadMemory at 0xaff61fc000 of 16384 bytes failed: Only part of a ReadProcessMemory or WriteProcessMemory request was completed. (0x12B)
[0103/232604.845:ERROR:process_memory_win.cc(73)] ReadMemory at 0xaff71fb000 of 20480 bytes failed: Only part of a ReadProcessMemory or WriteProcessMemory request was completed. (0x12B)
[0103/232604.845:ERROR:process_memory_win.cc(73)] ReadMemory at 0xaff79fa000 of 24576 bytes failed: Only part of a ReadProcessMemory or WriteProcessMemory request was completed. (0x12B)
[0103/232604.845:ERROR:process_memory_win.cc(73)] ReadMemory at 0xaff81fa000 of 24576 bytes failed: Only part of a ReadProcessMemory or WriteProcessMemory request was completed. (0x12B)
[0103/232604.845:ERROR:process_memory_win.cc(73)] ReadMemory at 0xaff89fa000 of 24576 bytes failed: Only part of a ReadProcessMemory or WriteProcessMemory request was completed. (0x12B)
[0103/232604.845:ERROR:process_memory_win.cc(73)] ReadMemory at 0xaff69fe000 of 8192 bytes failed: Only part of a ReadProcessMemory or WriteProcessMemory request was completed. (0x12B)
[0103/232604.845:ERROR:process_memory_win.cc(73)] ReadMemory at 0xaffa1ee000 of 73728 bytes failed: Only part of a ReadProcessMemory or WriteProcessMemory request was completed. (0x12B)
[0103/232604.846:ERROR:process_memory_win.cc(73)] ReadMemory at 0xaff99fc000 of 16384 bytes failed: Only part of a ReadProcessMemory or WriteProcessMemory request was completed. (0x12B)
[0103/232604.846:ERROR:process_memory_win.cc(73)] ReadMemory at 0xaff91fc000 of 16384 bytes failed: Only part of a ReadProcessMemory or WriteProcessMemory request was completed. (0x12B)
[0103/232604.846:ERROR:process_memory_win.cc(73)] ReadMemory at 0xaffa9fe000 of 8192 bytes failed: Only part of a ReadProcessMemory or WriteProcessMemory request was completed. (0x12B)
[0103/232604.846:ERROR:process_memory_win.cc(73)] ReadMemory at 0xaff31fe000 of 8192 bytes failed: Only part of a ReadProcessMemory or WriteProcessMemory request was completed. (0x12B)
[0103/232604.846:ERROR:process_memory_win.cc(73)] ReadMemory at 0xaff49ff000 of 4096 bytes failed: Only part of a ReadProcessMemory or WriteProcessMemory request was completed. (0x12B)
[0103/232604.846:ERROR:process_memory_win.cc(73)] ReadMemory at 0xaff18bc000 of 852 bytes failed: Only part of a ReadProcessMemory or WriteProcessMemory request was completed. (0x12B)
[0103/232604.878:ERROR:process_memory_win.cc(73)] ReadMemory at 0xaff18bd000 of 6024 bytes failed: Only part of a ReadProcessMemory or WriteProcessMemory request was completed. (0x12B)
[0103/232604.878:ERROR:process_memory_win.cc(73)] ReadMemory at 0xaff18bf000 of 6024 bytes failed: Only part of a ReadProcessMemory or WriteProcessMemory request was completed. (0x12B)
[0103/232604.878:ERROR:process_memory_win.cc(73)] ReadMemory at 0xaff18c3000 of 6024 bytes failed: Only part of a ReadProcessMemory or WriteProcessMemory request was completed. (0x12B)
[0103/232604.879:ERROR:process_memory_win.cc(73)] ReadMemory at 0xaff18c5000 of 6024 bytes failed: Only part of a ReadProcessMemory or WriteProcessMemory request was completed. (0x12B)
[0103/232604.879:ERROR:process_memory_win.cc(73)] ReadMemory at 0xaff18c9000 of 6024 bytes failed: Only part of a ReadProcessMemory or WriteProcessMemory request was completed. (0x12B)
[0103/232604.879:ERROR:process_memory_win.cc(73)] ReadMemory at 0xaff18cb000 of 6024 bytes failed: Only part of a ReadProcessMemory or WriteProcessMemory request was completed. (0x12B)
[0103/232604.880:ERROR:process_memory_win.cc(73)] ReadMemory at 0xaff18cd000 of 6024 bytes failed: Only part of a ReadProcessMemory or WriteProcessMemory request was completed. (0x12B)
[0103/232604.880:ERROR:process_memory_win.cc(73)] ReadMemory at 0xaff18d1000 of 6024 bytes failed: Only part of a ReadProcessMemory or WriteProcessMemory request was completed. (0x12B)
[0103/232604.880:ERROR:process_memory_win.cc(73)] ReadMemory at 0xaff18d3000 of 6024 bytes failed: Only part of a ReadProcessMemory or WriteProcessMemory request was completed. (0x12B)
[0103/232604.881:ERROR:process_memory_win.cc(73)] ReadMemory at 0xaff18d5000 of 6024 bytes failed: Only part of a ReadProcessMemory or WriteProcessMemory request was completed. (0x12B)
[0103/232604.881:ERROR:process_memory_win.cc(73)] ReadMemory at 0xaff18d7000 of 6024 bytes failed: Only part of a ReadProcessMemory or WriteProcessMemory request was completed. (0x12B)
[0103/232604.881:ERROR:process_memory_win.cc(73)] ReadMemory at 0xaff18dd000 of 6024 bytes failed: Only part of a ReadProcessMemory or WriteProcessMemory request was completed. (0x12B)
[0103/232604.882:ERROR:process_memory_win.cc(73)] ReadMemory at 0xaff18f5000 of 6024 bytes failed: Only part of a ReadProcessMemory or WriteProcessMemory request was completed. (0x12B)
[0103/232604.882:ERROR:process_memory_win.cc(73)] ReadMemory at 0xaff194d000 of 6024 bytes failed: Only part of a ReadProcessMemory or WriteProcessMemory request was completed. (0x12B)
[0103/232604.883:ERROR:process_memory_win.cc(73)] ReadMemory at 0xaff195f000 of 6024 bytes failed: Only part of a ReadProcessMemory or WriteProcessMemory request was completed. (0x12B)
[0103/232604.883:ERROR:process_memory_win.cc(73)] ReadMemory at 0xaff1961000 of 6024 bytes failed: Only part of a ReadProcessMemory or WriteProcessMemory request was completed. (0x12B)
[0103/232604.884:ERROR:process_memory_win.cc(73)] ReadMemory at 0xaff1963000 of 6024 bytes failed: Only part of a ReadProcessMemory or WriteProcessMemory request was completed. (0x12B)
[0103/232604.884:ERROR:process_memory_win.cc(73)] ReadMemory at 0xaff1965000 of 6024 bytes failed: Only part of a ReadProcessMemory or WriteProcessMemory request was completed. (0x12B)
[0103/232604.884:ERROR:process_memory_win.cc(73)] ReadMemory at 0x1d5256c00d0 of 512 bytes failed: Only part of a ReadProcessMemory or WriteProcessMemory request was completed. (0x12B)
[0103/232604.885:ERROR:process_memory_win.cc(73)] ReadMemory at 0x1d5256c2680 of 512 bytes failed: Only part of a ReadProcessMemory or WriteProcessMemory request was completed. (0x12B)
[0103/232604.886:ERROR:process_memory_win.cc(73)] ReadMemory at 0x1d5256c2c80 of 512 bytes failed: Only part of a ReadProcessMemory or WriteProcessMemory request was completed. (0x12B)
[0103/232604.887:ERROR:process_memory_win.cc(73)] ReadMemory at 0x1d525750000 of 384 bytes failed: Only part of a ReadProcessMemory or WriteProcessMemory request was completed. (0x12B)
[0103/232604.887:ERROR:process_memory_win.cc(73)] ReadMemory at 0x1d525750fe0 of 5522 bytes failed: Only part of a ReadProcessMemory or WriteProcessMemory request was completed. (0x12B)
[0103/232604.888:ERROR:process_memory_win.cc(73)] ReadMemory at 0x1d525752580 of 1012 bytes failed: Only part of a ReadProcessMemory or WriteProcessMemory request was completed. (0x12B)
[0103/232604.888:ERROR:process_memory_win.cc(73)] ReadMemory at 0x1d525752ba8 of 118 bytes failed: Only part of a ReadProcessMemory or WriteProcessMemory request was completed. (0x12B)
[0103/232604.888:ERROR:process_memory_win.cc(73)] ReadMemory at 0x1d525752c20 of 756 bytes failed: Only part of a ReadProcessMemory or WriteProcessMemory request was completed. (0x12B)
[0103/232604.889:ERROR:process_memory_win.cc(73)] ReadMemory at 0x1d525752f16 of 118 bytes failed: Only part of a ReadProcessMemory or WriteProcessMemory request was completed. (0x12B)
[0103/232604.889:ERROR:process_memory_win.cc(73)] ReadMemory at 0x1d525752f8e of 100 bytes failed: Only part of a ReadProcessMemory or WriteProcessMemory request was completed. (0x12B)
[0103/232604.889:ERROR:process_memory_win.cc(73)] ReadMemory at 0x1d525753000 of 58 bytes failed: Only part of a ReadProcessMemory or WriteProcessMemory request was completed. (0x12B)
[0103/232604.986:ERROR:process_memory_win.cc(73)] ReadMemory at 0x1d525753100 of 132 bytes failed: Only part of a ReadProcessMemory or WriteProcessMemory request was completed. (0x12B)
[0103/232604.986:ERROR:process_memory_win.cc(73)] ReadMemory at 0x1d525753290 of 132 bytes failed: Only part of a ReadProcessMemory or WriteProcessMemory request was completed. (0x12B)
[0103/232604.988:ERROR:process_memory_win.cc(73)] ReadMemory at 0x1d525753450 of 124 bytes failed: Only part of a ReadProcessMemory or WriteProcessMemory request was completed. (0x12B)
[0103/232604.989:ERROR:process_memory_win.cc(73)] ReadMemory at 0x1d525753950 of 132 bytes failed: Only part of a ReadProcessMemory or WriteProcessMemory request was completed. (0x12B)
[0103/232604.989:ERROR:process_memory_win.cc(73)] ReadMemory at 0x1d525753ae0 of 64 bytes failed: Only part of a ReadProcessMemory or WriteProcessMemory request was completed. (0x12B)
[0103/232604.989:ERROR:process_memory_win.cc(73)] ReadMemory at 0x1d525753ca0 of 132 bytes failed: Only part of a ReadProcessMemory or WriteProcessMemory request was completed. (0x12B)
[0103/232604.989:ERROR:process_memory_win.cc(73)] ReadMemory at 0x1d525753f40 of 132 bytes failed: Only part of a ReadProcessMemory or WriteProcessMemory request was completed. (0x12B)
[0103/232604.990:ERROR:process_memory_win.cc(73)] ReadMemory at 0x1d5257540d0 of 68 bytes failed: Only part of a ReadProcessMemory or WriteProcessMemory request was completed. (0x12B)
[0103/232605.041:ERROR:process_memory_win.cc(73)] ReadMemory at 0x1d5257550b0 of 132 bytes failed: Only part of a ReadProcessMemory or WriteProcessMemory request was completed. (0x12B)
[0103/232605.072:ERROR:process_memory_win.cc(73)] ReadMemory at 0x1d525755240 of 152 bytes failed: Only part of a ReadProcessMemory or WriteProcessMemory request was completed. (0x12B)
[0103/232605.072:ERROR:process_memory_win.cc(73)] ReadMemory at 0x1d525755ee0 of 62 bytes failed: Only part of a ReadProcessMemory or WriteProcessMemory request was completed. (0x12B)
[0103/232605.072:ERROR:process_memory_win.cc(73)] ReadMemory at 0x1d5257560d0 of 132 bytes failed: Only part of a ReadProcessMemory or WriteProcessMemory request was completed. (0x12B)
[0103/232605.072:ERROR:process_memory_win.cc(73)] ReadMemory at 0x1d525756200 of 60 bytes failed: Only part of a ReadProcessMemory or WriteProcessMemory request was completed. (0x12B)
[0103/232605.073:ERROR:process_memory_win.cc(73)] ReadMemory at 0x1d52575ae80 of 62 bytes failed: Only part of a ReadProcessMemory or WriteProcessMemory request was completed. (0x12B)
[0103/232605.073:ERROR:process_memory_win.cc(73)] ReadMemory at 0x1d525761ab0 of 80 bytes failed: Only part of a ReadProcessMemory or WriteProcessMemory request was completed. (0x12B)
[0103/232605.073:ERROR:process_memory_win.cc(73)] ReadMemory at 0x1d525763f50 of 144 bytes failed: Only part of a ReadProcessMemory or WriteProcessMemory request was completed. (0x12B)
[0103/232605.073:ERROR:process_memory_win.cc(73)] ReadMemory at 0x1d5257655e0 of 132 bytes failed: Only part of a ReadProcessMemory or WriteProcessMemory request was completed. (0x12B)
[0103/232605.073:ERROR:process_memory_win.cc(73)] ReadMemory at 0x1d5257658f0 of 132 bytes failed: Only part of a ReadProcessMemory or WriteProcessMemory request was completed. (0x12B)
[0103/232605.073:ERROR:process_memory_win.cc(73)] ReadMemory at 0x1d525765a20 of 132 bytes failed: Only part of a ReadProcessMemory or WriteProcessMemory request was completed. (0x12B)
[0103/232605.073:ERROR:process_memory_win.cc(73)] ReadMemory at 0x1d525765c90 of 132 bytes failed: Only part of a ReadProcessMemory or WriteProcessMemory request was completed. (0x12B)
[0103/232605.073:ERROR:process_memory_win.cc(73)] ReadMemory at 0x1d525766810 of 54 bytes failed: Only part of a ReadProcessMemory or WriteProcessMemory request was completed. (0x12B)
[0103/232605.074:ERROR:process_memory_win.cc(73)] ReadMemory at 0x1d525767de0 of 132 bytes failed: Only part of a ReadProcessMemory or WriteProcessMemory request was completed. (0x12B)
[0103/232605.074:ERROR:process_memory_win.cc(73)] ReadMemory at 0x1d525768050 of 132 bytes failed: Only part of a ReadProcessMemory or WriteProcessMemory request was completed. (0x12B)
[0103/232605.074:ERROR:process_memory_win.cc(73)] ReadMemory at 0x1d525769c30 of 132 bytes failed: Only part of a ReadProcessMemory or WriteProcessMemory request was completed. (0x12B)
[0103/232605.074:ERROR:process_memory_win.cc(73)] ReadMemory at 0x1d525769fc0 of 62 bytes failed: Only part of a ReadProcessMemory or WriteProcessMemory request was completed. (0x12B)
[0103/232605.074:ERROR:process_memory_win.cc(73)] ReadMemory at 0x1d52576a010 of 64 bytes failed: Only part of a ReadProcessMemory or WriteProcessMemory request was completed. (0x12B)
[0103/232605.075:ERROR:process_memory_win.cc(73)] ReadMemory at 0x1d52576a060 of 60 bytes failed: Only part of a ReadProcessMemory or WriteProcessMemory request was completed. (0x12B)
[0103/232605.075:ERROR:process_memory_win.cc(73)] ReadMemory at 0x1d52576a100 of 66 bytes failed: Only part of a ReadProcessMemory or WriteProcessMemory request was completed. (0x12B)
[0103/232605.098:ERROR:process_memory_win.cc(73)] ReadMemory at 0x1d52576a1a0 of 64 bytes failed: Only part of a ReadProcessMemory or WriteProcessMemory request was completed. (0x12B)
[0103/232605.202:ERROR:process_memory_win.cc(73)] ReadMemory at 0x1d52576a1f0 of 62 bytes failed: Only part of a ReadProcessMemory or WriteProcessMemory request was completed. (0x12B)
[0103/232605.281:ERROR:process_memory_win.cc(73)] ReadMemory at 0x1d52576a240 of 60 bytes failed: Only part of a ReadProcessMemory or WriteProcessMemory request was completed. (0x12B)
[0103/232605.281:ERROR:process_memory_win.cc(73)] ReadMemory at 0x1d52576a290 of 64 bytes failed: Only part of a ReadProcessMemory or WriteProcessMemory request was completed. (0x12B)
[0103/232605.282:ERROR:process_memory_win.cc(73)] ReadMemory at 0x1d52576a330 of 64 bytes failed: Only part of a ReadProcessMemory or WriteProcessMemory request was completed. (0x12B)
[0103/232605.282:ERROR:process_memory_win.cc(73)] ReadMemory at 0x1d52576a380 of 64 bytes failed: Only part of a ReadProcessMemory or WriteProcessMemory request was completed. (0x12B)
[0103/232605.282:ERROR:process_memory_win.cc(73)] ReadMemory at 0x1d52576a420 of 60 bytes failed: Only part of a ReadProcessMemory or WriteProcessMemory request was completed. (0x12B)
[0103/232605.468:ERROR:process_memory_win.cc(73)] ReadMemory at 0x1d52576a510 of 60 bytes failed: Only part of a ReadProcessMemory or WriteProcessMemory request was completed. (0x12B)
[0103/232605.468:ERROR:process_memory_win.cc(73)] ReadMemory at 0x1d52576a5b0 of 62 bytes failed: Only part of a ReadProcessMemory or WriteProcessMemory request was completed. (0x12B)
[0103/232605.468:ERROR:process_memory_win.cc(73)] ReadMemory at 0x1d52576a6a0 of 64 bytes failed: Only part of a ReadProcessMemory or WriteProcessMemory request was completed. (0x12B)
[0103/232605.482:ERROR:process_memory_win.cc(73)] ReadMemory at 0x1d52576a6f0 of 58 bytes failed: Only part of a ReadProcessMemory or WriteProcessMemory request was completed. (0x12B)
[0103/232605.482:ERROR:process_memory_win.cc(73)] ReadMemory at 0x1d52576a740 of 64 bytes failed: Only part of a ReadProcessMemory or WriteProcessMemory request was completed. (0x12B)
[0103/232605.482:ERROR:process_memory_win.cc(73)] ReadMemory at 0x1d52576a790 of 62 bytes failed: Only part of a ReadProcessMemory or WriteProcessMemory request was completed. (0x12B)
[0103/232605.482:ERROR:process_memory_win.cc(73)] ReadMemory at 0x1d52576a920 of 60 bytes failed: Only part of a ReadProcessMemory or WriteProcessMemory request was completed. (0x12B)
[0103/232605.483:ERROR:process_memory_win.cc(73)] ReadMemory at 0x1d52576a970 of 68 bytes failed: Only part of a ReadProcessMemory or WriteProcessMemory request was completed. (0x12B)
[0103/232605.483:ERROR:process_memory_win.cc(73)] ReadMemory at 0x1d52576aab0 of 62 bytes failed: Only part of a ReadProcessMemory or WriteProcessMemory request was completed. (0x12B)
[0103/232605.483:ERROR:process_memory_win.cc(73)] ReadMemory at 0x1d52576ab00 of 62 bytes failed: Only part of a ReadProcessMemory or WriteProcessMemory request was completed. (0x12B)
[0103/232605.483:ERROR:process_memory_win.cc(73)] ReadMemory at 0x1d52576abf0 of 62 bytes failed: Only part of a ReadProcessMemory or WriteProcessMemory request was completed. (0x12B)
[0103/232605.484:ERROR:process_memory_win.cc(73)] ReadMemory at 0x1d52576ac90 of 62 bytes failed: Only part of a ReadProcessMemory or WriteProcessMemory request was completed. (0x12B)
[0103/232605.484:ERROR:process_memory_win.cc(73)] ReadMemory at 0x1d52576ace0 of 60 bytes failed: Only part of a ReadProcessMemory or WriteProcessMemory request was completed. (0x12B)
[0103/232605.497:ERROR:process_memory_win.cc(73)] ReadMemory at 0x1d52576ad80 of 64 bytes failed: Only part of a ReadProcessMemory or WriteProcessMemory request was completed. (0x12B)
[0103/232605.499:ERROR:process_memory_win.cc(73)] ReadMemory at 0x1d52576add0 of 66 bytes failed: Only part of a ReadProcessMemory or WriteProcessMemory request was completed. (0x12B)
[0103/232605.499:ERROR:process_memory_win.cc(73)] ReadMemory at 0x1d52576ae20 of 62 bytes failed: Only part of a ReadProcessMemory or WriteProcessMemory request was completed. (0x12B)
[0103/232605.499:ERROR:process_memory_win.cc(73)] ReadMemory at 0x1d52576ccf0 of 132 bytes failed: Only part of a ReadProcessMemory or WriteProcessMemory request was completed. (0x12B)
[0103/232605.499:ERROR:process_memory_win.cc(73)] ReadMemory at 0x1d52576d010 of 132 bytes failed: Only part of a ReadProcessMemory or WriteProcessMemory request was completed. (0x12B)
[0103/232605.499:ERROR:process_memory_win.cc(73)] ReadMemory at 0x1d52576fd90 of 132 bytes failed: Only part of a ReadProcessMemory or WriteProcessMemory request was completed. (0x12B)
[0103/232605.499:ERROR:process_memory_win.cc(73)] ReadMemory at 0x1d525770b30 of 76 bytes failed: Only part of a ReadProcessMemory or WriteProcessMemory request was completed. (0x12B)
[0103/232605.500:ERROR:process_memory_win.cc(73)] ReadMemory at 0x1d525770e90 of 80 bytes failed: Only part of a ReadProcessMemory or WriteProcessMemory request was completed. (0x12B)
[0103/232605.500:ERROR:process_memory_win.cc(73)] ReadMemory at 0x1d525771000 of 132 bytes failed: Only part of a ReadProcessMemory or WriteProcessMemory request was completed. (0x12B)
[0103/232605.500:ERROR:process_memory_win.cc(73)] ReadMemory at 0x1d525771130 of 132 bytes failed: Only part of a ReadProcessMemory or WriteProcessMemory request was completed. (0x12B)
[0103/232605.500:ERROR:process_memory_win.cc(73)] ReadMemory at 0x1d525771260 of 132 bytes failed: Only part of a ReadProcessMemory or WriteProcessMemory request was completed. (0x12B)
[0103/232605.500:ERROR:process_memory_win.cc(73)] ReadMemory at 0x1d525771390 of 132 bytes failed: Only part of a ReadProcessMemory or WriteProcessMemory request was completed. (0x12B)
[0103/232605.500:ERROR:process_memory_win.cc(73)] ReadMemory at 0x1d5257714c0 of 132 bytes failed: Only part of a ReadProcessMemory or WriteProcessMemory request was completed. (0x12B)
[0103/232605.500:ERROR:process_memory_win.cc(73)] ReadMemory at 0x1d5257715f0 of 132 bytes failed: Only part of a ReadProcessMemory or WriteProcessMemory request was completed. (0x12B)
[0103/232605.568:ERROR:process_memory_win.cc(73)] ReadMemory at 0x1d525771720 of 132 bytes failed: Only part of a ReadProcessMemory or WriteProcessMemory request was completed. (0x12B)
[0103/232605.568:ERROR:process_memory_win.cc(73)] ReadMemory at 0x1d525771850 of 132 bytes failed: Only part of a ReadProcessMemory or WriteProcessMemory request was completed. (0x12B)
[0103/232605.568:ERROR:process_memory_win.cc(73)] ReadMemory at 0x1d525771980 of 132 bytes failed: Only part of a ReadProcessMemory or WriteProcessMemory request was completed. (0x12B)
[0103/232605.569:ERROR:process_memory_win.cc(73)] ReadMemory at 0x1d525771be0 of 132 bytes failed: Only part of a ReadProcessMemory or WriteProcessMemory request was completed. (0x12B)
[0103/232605.569:ERROR:process_memory_win.cc(73)] ReadMemory at 0x1d525771d10 of 132 bytes failed: Only part of a ReadProcessMemory or WriteProcessMemory request was completed. (0x12B)
[0103/232605.569:ERROR:process_memory_win.cc(73)] ReadMemory at 0x1d525771e40 of 132 bytes failed: Only part of a ReadProcessMemory or WriteProcessMemory request was completed. (0x12B)
[0103/232605.569:ERROR:process_memory_win.cc(73)] ReadMemory at 0x1d525772f30 of 132 bytes failed: Only part of a ReadProcessMemory or WriteProcessMemory request was completed. (0x12B)
[0103/232605.569:ERROR:process_memory_win.cc(73)] ReadMemory at 0x1d525773190 of 132 bytes failed: Only part of a ReadProcessMemory or WriteProcessMemory request was completed. (0x12B)
[0103/232605.569:ERROR:process_memory_win.cc(73)] ReadMemory at 0x1d525773650 of 132 bytes failed: Only part of a ReadProcessMemory or WriteProcessMemory request was completed. (0x12B)
[0103/232605.569:ERROR:process_memory_win.cc(73)] ReadMemory at 0x1d525773b10 of 132 bytes failed: Only part of a ReadProcessMemory or WriteProcessMemory request was completed. (0x12B)
[0103/232605.569:ERROR:process_memory_win.cc(73)] ReadMemory at 0x1d525773d70 of 132 bytes failed: Only part of a ReadProcessMemory or WriteProcessMemory request was completed. (0x12B)
[0103/232605.569:ERROR:process_memory_win.cc(73)] ReadMemory at 0x1d525773ea0 of 132 bytes failed: Only part of a ReadProcessMemory or WriteProcessMemory request was completed. (0x12B)
[0103/232605.569:ERROR:process_memory_win.cc(73)] ReadMemory at 0x1d525773fd0 of 132 bytes failed: Only part of a ReadProcessMemory or WriteProcessMemory request was completed. (0x12B)
[0103/232605.593:ERROR:process_memory_win.cc(73)] ReadMemory at 0x1d525774100 of 132 bytes failed: Only part of a ReadProcessMemory or WriteProcessMemory request was completed. (0x12B)
[0103/232605.594:ERROR:process_memory_win.cc(73)] ReadMemory at 0x1d5257745c0 of 132 bytes failed: Only part of a ReadProcessMemory or WriteProcessMemory request was completed. (0x12B)
[0103/232605.594:ERROR:process_memory_win.cc(73)] ReadMemory at 0x1d525774a80 of 132 bytes failed: Only part of a ReadProcessMemory or WriteProcessMemory request was completed. (0x12B)
[0103/232605.594:ERROR:process_memory_win.cc(73)] ReadMemory at 0x1d525774bb0 of 132 bytes failed: Only part of a ReadProcessMemory or WriteProcessMemory request was completed. (0x12B)
[0103/232605.594:ERROR:process_memory_win.cc(73)] ReadMemory at 0x1d5257d2110 of 512 bytes failed: Only part of a ReadProcessMemory or WriteProcessMemory request was completed. (0x12B)
[0103/232605.594:ERROR:process_memory_win.cc(73)] ReadMemory at 0x1d5257df9f0 of 712 bytes failed: Only part of a ReadProcessMemory or WriteProcessMemory request was completed. (0x12B)
[0103/232605.595:ERROR:process_memory_win.cc(73)] ReadMemory at 0x1d5257f58a0 of 512 bytes failed: Only part of a ReadProcessMemory or WriteProcessMemory request was completed. (0x12B)
[0103/232605.595:ERROR:process_memory_win.cc(73)] ReadMemory at 0x1d5257fb320 of 512 bytes failed: Only part of a ReadProcessMemory or WriteProcessMemory request was completed. (0x12B)
[0103/232605.595:ERROR:process_memory_win.cc(73)] ReadMemory at 0x1d525811100 of 512 bytes failed: Only part of a ReadProcessMemory or WriteProcessMemory request was completed. (0x12B)
[0103/232605.595:ERROR:process_memory_win.cc(73)] ReadMemory at 0x1d525821978 of 800 bytes failed: Only part of a ReadProcessMemory or WriteProcessMemory request was completed. (0x12B)
[0103/232605.596:ERROR:process_memory_win.cc(73)] ReadMemory at 0x1d525822398 of 512 bytes failed: Only part of a ReadProcessMemory or WriteProcessMemory request was completed. (0x12B)
[0103/232605.596:ERROR:process_memory_win.cc(73)] ReadMemory at 0x1d52582ed16 of 556 bytes failed: Only part of a ReadProcessMemory or WriteProcessMemory request was completed. (0x12B)
[0103/232605.596:ERROR:process_memory_win.cc(73)] ReadMemory at 0x1d5271fe540 of 512 bytes failed: Only part of a ReadProcessMemory or WriteProcessMemory request was completed. (0x12B)
[0103/232605.597:ERROR:process_memory_win.cc(73)] ReadMemory at 0x1d52728dba0 of 512 bytes failed: Only part of a ReadProcessMemory or WriteProcessMemory request was completed. (0x12B)
[0103/232605.597:ERROR:process_memory_win.cc(73)] ReadMemory at 0x1d527e06730 of 512 bytes failed: Only part of a ReadProcessMemory or WriteProcessMemory request was completed. (0x12B)
[0103/232605.597:ERROR:process_memory_win.cc(73)] ReadMemory at 0x1d5282eb3e0 of 512 bytes failed: Only part of a ReadProcessMemory or WriteProcessMemory request was completed. (0x12B)
[0103/232605.597:ERROR:process_memory_win.cc(73)] ReadMemory at 0x1d52a882a90 of 512 bytes failed: Only part of a ReadProcessMemory or WriteProcessMemory request was completed. (0x12B)
[0103/232605.598:ERROR:process_memory_win.cc(73)] ReadMemory at 0x1d52a882dc0 of 512 bytes failed: Only part of a ReadProcessMemory or WriteProcessMemory request was completed. (0x12B)
[0103/232605.598:ERROR:process_memory_win.cc(73)] ReadMemory at 0x1d52a8973c0 of 512 bytes failed: Only part of a ReadProcessMemory or WriteProcessMemory request was completed. (0x12B)
[0103/232605.598:ERROR:process_memory_win.cc(73)] ReadMemory at 0x1d52a8ff5f0 of 512 bytes failed: Only part of a ReadProcessMemory or WriteProcessMemory request was completed. (0x12B)
[0103/232605.598:ERROR:process_memory_win.cc(73)] ReadMemory at 0x1d52a96b7f0 of 512 bytes failed: Only part of a ReadProcessMemory or WriteProcessMemory request was completed. (0x12B)
[0103/232605.598:ERROR:process_memory_win.cc(73)] ReadMemory at 0x1d52ade1f10 of 512 bytes failed: Only part of a ReadProcessMemory or WriteProcessMemory request was completed. (0x12B)
[0103/232605.599:ERROR:process_memory_win.cc(73)] ReadMemory at 0x1d52b5dccb0 of 512 bytes failed: Only part of a ReadProcessMemory or WriteProcessMemory request was completed. (0x12B)
[0103/232605.599:ERROR:process_memory_win.cc(73)] ReadMemory at 0x1d52caa7860 of 512 bytes failed: Only part of a ReadProcessMemory or WriteProcessMemory request was completed. (0x12B)
[0103/232605.599:ERROR:process_memory_win.cc(73)] ReadMemory at 0x1d532b825a0 of 528 bytes failed: Only part of a ReadProcessMemory or WriteProcessMemory request was completed. (0x12B)
[0103/232605.599:ERROR:process_memory_win.cc(73)] ReadMemory at 0x1d5330d6e40 of 512 bytes failed: Only part of a ReadProcessMemory or WriteProcessMemory request was completed. (0x12B)
[0103/232606.113:ERROR:process_memory_win.cc(73)] ReadMemory at 0x1bef8e719318 of 512 bytes failed: Only part of a ReadProcessMemory or WriteProcessMemory request was completed. (0x12B)
[0103/232606.113:ERROR:process_memory_win.cc(73)] ReadMemory at 0x6548f50706c0 of 512 bytes failed: Only part of a ReadProcessMemory or WriteProcessMemory request was completed. (0x12B)
[0103/232606.114:ERROR:process_memory_win.cc(73)] ReadMemory at 0x6b9d050d3f80 of 512 bytes failed: Only part of a ReadProcessMemory or WriteProcessMemory request was completed. (0x12B)
[0103/232606.114:ERROR:process_memory_win.cc(73)] ReadMemory at 0x7ff96e50673f of 512 bytes failed: Only part of a ReadProcessMemory or WriteProcessMemory request was completed. (0x12B)
[0103/232606.114:ERROR:process_memory_win.cc(73)] ReadMemory at 0x7ff972a64e58 of 512 bytes failed: Only part of a ReadProcessMemory or WriteProcessMemory request was completed. (0x12B)
[0103/232606.114:ERROR:process_memory_win.cc(73)] ReadMemory at 0x7ff98890a917 of 512 bytes failed: Only part of a ReadProcessMemory or WriteProcessMemory request was completed. (0x12B)
[0103/232606.114:ERROR:process_memory_win.cc(73)] ReadMemory at 0x7ff9ba1021f0 of 512 bytes failed: Only part of a ReadProcessMemory or WriteProcessMemory request was completed. (0x12B)
[0103/232606.115:ERROR:process_memory_win.cc(73)] ReadMemory at 0x7ff9bac72483 of 512 bytes failed: Only part of a ReadProcessMemory or WriteProcessMemory request was completed. (0x12B)
[0103/232606.115:ERROR:process_memory_win.cc(73)] ReadMemory at 0x7ff9bacff764 of 672 bytes failed: Only part of a ReadProcessMemory or WriteProcessMemory request was completed. (0x12B)
[0103/232606.115:ERROR:process_memory_win.cc(73)] ReadMemory at 0x7ff9bad02ff4 of 608 bytes failed: Only part of a ReadProcessMemory or WriteProcessMemory request was completed. (0x12B)
[0103/232606.664:ERROR:process_memory_win.cc(73)] ReadMemory at 0x7ff9bad8c0c8 of 18 bytes failed: Only part of a ReadProcessMemory or WriteProcessMemory request was completed. (0x12B)
[0103/232606.664:ERROR:process_memory_win.cc(73)] ReadMemory at 0x7ff9badbf4f8 of 40 bytes failed: Only part of a ReadProcessMemory or WriteProcessMemory request was completed. (0x12B)
[0103/232606.665:ERROR:process_memory_win.cc(73)] ReadMemory at 0x7ff9badbf978 of 48 bytes failed: Only part of a ReadProcessMemory or WriteProcessMemory request was completed. (0x12B)
[0103/232606.665:ERROR:process_memory_win.cc(73)] ReadMemory at 0x7ff9badc53c0 of 64 bytes failed: Only part of a ReadProcessMemory or WriteProcessMemory request was completed. (0x12B)
[0103/232607.312:ERROR:scoped_process_suspend.cc(40)] NtResumeProcess: An attempt was made to access an exiting process. (0xc000010a)
[0104/124147.601:ERROR:directory_reader_win.cc(43)] FindFirstFile: The system cannot find the path specified. (0x3)
[0110/122016.671:ERROR:settings.cc(320)] Settings magic is not 1129342067
[0110/123017.286:ERROR:directory_reader_win.cc(43)] FindFirstFile: The system cannot find the path specified. (0x3)
[0118/205926.245:ERROR:directory_reader_win.cc(43)] FindFirstFile: The system cannot find the path specified. (0x3)
